Build started 02/11/2015 21:31:58.
     1>Project "D:\james\Documents\Visual Studio 2015\Projects\332RayTracer\322RayTracer\322RayTracer.vcxproj" on node 2 (Build target(s)).
     1>ClCompile:
         C:\Program Files (x86)\Microsoft Visual Studio 14.0\VC\bin\CL.exe /c /I"D:\james\Documents\Visual Studio 2015\Projects\332RayTracer\\SDL\include" /I"D:\james\Documents\Visual Studio 2015\Projects\332RayTracer\\glm-0.9.6.3\glm" /ZI /nologo /W3 /WX- /sdl /Od /Oy- /D _MBCS /Gm /EHsc /RTC1 /MDd /GS /fp:precise /Zc:wchar_t /Zc:forScope /Zc:inline /Fo"Debug\\" /Fd"Debug\vc140.pdb" /Gd /TP /analyze- /errorReport:prompt main.cpp Plane.cpp Poly.cpp Ray.cpp Shape.cpp Sphere.cpp Triangle.cpp
         Triangle.cpp
         Sphere.cpp
         Shape.cpp
     1>d:\james\documents\visual studio 2015\projects\332raytracer\322raytracer\shape.cpp(11): warning C4244: 'initializing': conversion from 'double' to 'float', possible loss of data
     1>d:\james\documents\visual studio 2015\projects\332raytracer\322raytracer\shape.cpp(19): warning C4244: 'initializing': conversion from 'double' to 'float', possible loss of data
     1>d:\james\documents\visual studio 2015\projects\332raytracer\322raytracer\shape.cpp(41): warning C4244: 'argument': conversion from 'int' to 'float', possible loss of data
         Ray.cpp
     1>d:\james\documents\visual studio 2015\projects\332raytracer\322raytracer\ray.cpp(8): warning C4244: '=': conversion from 'double' to 'float', possible loss of data
     1>d:\james\documents\visual studio 2015\projects\332raytracer\322raytracer\ray.cpp(16): warning C4244: 'return': conversion from 'double' to 'float', possible loss of data
     1>d:\james\documents\visual studio 2015\projects\332raytracer\322raytracer\ray.cpp(128): warning C4244: 'initializing': conversion from 'float' to 'int', possible loss of data
     1>d:\james\documents\visual studio 2015\projects\332raytracer\322raytracer\ray.cpp(129): warning C4244: 'initializing': conversion from 'double' to 'float', possible loss of data
     1>d:\james\documents\visual studio 2015\projects\332raytracer\322raytracer\ray.cpp(130): warning C4244: 'initializing': conversion from 'double' to 'float', possible loss of data
     1>d:\james\documents\visual studio 2015\projects\332raytracer\322raytracer\ray.cpp(149): warning C4244: 'argument': conversion from 'float' to 'Uint8', possible loss of data
         Poly.cpp
         Plane.cpp
         main.cpp
     1>d:\james\documents\visual studio 2015\projects\332raytracer\322raytracer\main.cpp(32): warning C4305: 'argument': truncation from 'double' to 'float'
     1>d:\james\documents\visual studio 2015\projects\332raytracer\322raytracer\main.cpp(33): warning C4305: 'argument': truncation from 'double' to 'float'
     1>d:\james\documents\visual studio 2015\projects\332raytracer\322raytracer\main.cpp(34): warning C4305: 'argument': truncation from 'double' to 'float'
     1>d:\james\documents\visual studio 2015\projects\332raytracer\322raytracer\main.cpp(35): warning C4305: 'argument': truncation from 'double' to 'float'
     1>d:\james\documents\visual studio 2015\projects\332raytracer\322raytracer\main.cpp(36): warning C4305: 'argument': truncation from 'double' to 'float'
     1>d:\james\documents\visual studio 2015\projects\332raytracer\322raytracer\main.cpp(37): warning C4305: 'argument': truncation from 'double' to 'float'
     1>d:\james\documents\visual studio 2015\projects\332raytracer\322raytracer\main.cpp(38): warning C4305: 'argument': truncation from 'double' to 'float'
     1>d:\james\documents\visual studio 2015\projects\332raytracer\322raytracer\main.cpp(39): warning C4305: 'argument': truncation from 'double' to 'float'
     1>d:\james\documents\visual studio 2015\projects\332raytracer\322raytracer\main.cpp(40): warning C4305: 'argument': truncation from 'double' to 'float'
     1>d:\james\documents\visual studio 2015\projects\332raytracer\322raytracer\main.cpp(41): warning C4305: 'argument': truncation from 'double' to 'float'
     1>d:\james\documents\visual studio 2015\projects\332raytracer\322raytracer\main.cpp(42): warning C4305: 'argument': truncation from 'double' to 'float'
     1>d:\james\documents\visual studio 2015\projects\332raytracer\322raytracer\main.cpp(43): warning C4305: 'argument': truncation from 'double' to 'float'
     1>d:\james\documents\visual studio 2015\projects\332raytracer\322raytracer\main.cpp(44): warning C4305: 'argument': truncation from 'double' to 'float'
     1>d:\james\documents\visual studio 2015\projects\332raytracer\322raytracer\main.cpp(45): warning C4305: 'argument': truncation from 'double' to 'float'
     1>d:\james\documents\visual studio 2015\projects\332raytracer\322raytracer\main.cpp(48): warning C4305: 'argument': truncation from 'double' to 'float'
     1>d:\james\documents\visual studio 2015\projects\332raytracer\322raytracer\main.cpp(49): warning C4305: 'argument': truncation from 'double' to 'float'
     1>d:\james\documents\visual studio 2015\projects\332raytracer\322raytracer\main.cpp(52): warning C4305: 'argument': truncation from 'double' to 'float'
     1>d:\james\documents\visual studio 2015\projects\332raytracer\322raytracer\main.cpp(55): warning C4305: 'argument': truncation from 'double' to 'float'
     1>d:\james\documents\visual studio 2015\projects\332raytracer\322raytracer\main.cpp(56): warning C4305: 'argument': truncation from 'double' to 'float'
     1>d:\james\documents\visual studio 2015\projects\332raytracer\322raytracer\main.cpp(57): warning C4305: 'argument': truncation from 'double' to 'float'
     1>d:\james\documents\visual studio 2015\projects\332raytracer\322raytracer\main.cpp(58): warning C4305: 'argument': truncation from 'double' to 'float'
     1>d:\james\documents\visual studio 2015\projects\332raytracer\322raytracer\main.cpp(68): warning C4018: '<': signed/unsigned mismatch
     1>d:\james\documents\visual studio 2015\projects\332raytracer\322raytracer\main.cpp(69): warning C4018: '<': signed/unsigned mismatch
     1>d:\james\documents\visual studio 2015\projects\332raytracer\322raytracer\main.cpp(208): warning C4101: 'event': unreferenced local variable
         Generating Code...
       Link:
         C:\Program Files (x86)\Microsoft Visual Studio 14.0\VC\bin\link.exe /ERRORREPORT:PROMPT /OUT:"D:\james\Documents\Visual Studio 2015\Projects\332RayTracer\Debug\322RayTracer.exe" /INCREMENTAL /NOLOGO /LIBPATH:"D:\james\Documents\Visual Studio 2015\Projects\332RayTracer\\SDL\lib\win32" SDL2.lib SDL2main.lib kernel32.lib user32.lib gdi32.lib winspool.lib comdlg32.lib advapi32.lib shell32.lib ole32.lib oleaut32.lib uuid.lib odbc32.lib odbccp32.lib /MANIFEST /MANIFESTUAC:"level='asInvoker' uiAccess='false'" /manifest:embed /Debug /PDB:"D:\james\Documents\Visual Studio 2015\Projects\332RayTracer\Debug\322RayTracer.pdb" /SUBSYSTEM:CONSOLE /TLBID:1 /DYNAMICBASE /NXCOMPAT /IMPLIB:"D:\james\Documents\Visual Studio 2015\Projects\332RayTracer\Debug\322RayTracer.lib" /MACHINE:X86 Debug\main.obj
         Debug\Plane.obj
         Debug\Poly.obj
         Debug\Ray.obj
         Debug\Shape.obj
         Debug\Sphere.obj
         Debug\Triangle.obj
         322RayTracer.vcxproj -> D:\james\Documents\Visual Studio 2015\Projects\332RayTracer\Debug\322RayTracer.exe
     1>Done Building Project "D:\james\Documents\Visual Studio 2015\Projects\332RayTracer\322RayTracer\322RayTracer.vcxproj" (Build target(s)).

Build succeeded.

Time Elapsed 00:00:04.71
